<?xml version="1.0" encoding="UTF-8"?>
<!-- Generated by org.testng.reporters.JUnitXMLReporter -->
<testsuite ignored="0" hostname="LENOVO-PC" failures="0" tests="5" name="Default test" time="65.873" errors="0" timestamp="2023-08-20T00:24:42 IST">
  <testcase classname="googletest.GO_TC1234_VERIFY_HOME_PAGE" name="verifyGooglePageOpen" time="4.648"/>
  <testcase classname="googletest.GO_TC1234_VERIFY_HOME_PAGE" name="verifyPagename" time="6.18"/>
  <testcase classname="googletest.GO_TC1234_VERIFY_HOME_PAGE" name="verifyGoogleTab" time="2.058"/>
  <testcase classname="googletest.GO_TC1234_VERIFY_HOME_PAGE" name="verifyGoogleAccept" time="2.049"/>
  <testcase classname="googletest.GO_TC1234_VERIFY_HOME_PAGE" name="selectWord" time="31.909"/>
</testsuite> <!-- Default test -->
