<?xml version="1.0" encoding="UTF-8"?>
<testng-results ignored="0" total="5" passed="5" failed="0" skipped="0">
  <reporter-output>
    <line>
      <![CDATA[waiting for 1000 milisec]]>
    </line>
    <line>
      <![CDATA[waiting for 1000 milisec]]>
    </line>
    <line>
      <![CDATA[verifyGooglePageOpenTEST IS SUCESSFUL]]>
    </line>
    <line>
      <![CDATA[waiting for 1000 milisec]]>
    </line>
    <line>
      <![CDATA[waiting for 1000 milisec]]>
    </line>
    <line>
      <![CDATA[verifyPagenameTEST IS SUCESSFUL]]>
    </line>
    <line>
      <![CDATA[waiting for 1000 milisec]]>
    </line>
    <line>
      <![CDATA[waiting for 1000 milisec]]>
    </line>
    <line>
      <![CDATA[verifyGoogleTabTEST IS SUCESSFUL]]>
    </line>
    <line>
      <![CDATA[waiting for 1000 milisec]]>
    </line>
    <line>
      <![CDATA[verifyGoogleAcceptTEST IS SUCESSFUL]]>
    </line>
    <line>
      <![CDATA[selectWordTEST IS SUCESSFUL]]>
    </line>
  </reporter-output>
  <suite started-at="2023-08-20T00:23:36 IST" name="Default suite" finished-at="2023-08-20T00:24:41 IST" duration-ms="65873">
    <groups>
    </groups>
    <test started-at="2023-08-20T00:23:36 IST" name="Default test" finished-at="2023-08-20T00:24:41 IST" duration-ms="65873">
      <class name="googletest.GO_TC1234_VERIFY_HOME_PAGE">
        <test-method is-config="true" signature="setup()[pri:0, instance:googletest.GO_TC1234_VERIFY_HOME_PAGE@be64738]" started-at="2023-08-20T00:23:36 IST" name="setup" finished-at="2023-08-20T00:23:54 IST" duration-ms="18850" status="PASS">
          <reporter-output>
          </reporter-output>
        </test-method> <!-- setup -->
        <test-method is-config="true" signature="createObjectPages()[pri:0, instance:googletest.GO_TC1234_VERIFY_HOME_PAGE@be64738]" started-at="2023-08-20T00:23:54 IST" name="createObjectPages" finished-at="2023-08-20T00:23:55 IST" duration-ms="54" status="PASS">
          <reporter-output>
          </reporter-output>
        </test-method> <!-- createObjectPages -->
        <test-method signature="verifyGooglePageOpen()[pri:-1, instance:googletest.GO_TC1234_VERIFY_HOME_PAGE@be64738]" started-at="2023-08-20T00:23:55 IST" name="verifyGooglePageOpen" finished-at="2023-08-20T00:23:59 IST" duration-ms="4648" status="PASS">
          <reporter-output>
            <line>
              <![CDATA[waiting for 1000 milisec]]>
            </line>
            <line>
              <![CDATA[waiting for 1000 milisec]]>
            </line>
            <line>
              <![CDATA[verifyGooglePageOpenTEST IS SUCESSFUL]]>
            </line>
          </reporter-output>
        </test-method> <!-- verifyGooglePageOpen -->
        <test-method is-config="true" signature="createObjectPages()[pri:0, instance:googletest.GO_TC1234_VERIFY_HOME_PAGE@be64738]" started-at="2023-08-20T00:23:59 IST" name="createObjectPages" finished-at="2023-08-20T00:23:59 IST" duration-ms="1" status="PASS">
          <reporter-output>
          </reporter-output>
        </test-method> <!-- createObjectPages -->
        <test-method signature="verifyPagename()[pri:1, instance:googletest.GO_TC1234_VERIFY_HOME_PAGE@be64738]" started-at="2023-08-20T00:23:59 IST" name="verifyPagename" finished-at="2023-08-20T00:24:05 IST" duration-ms="6180" status="PASS">
          <reporter-output>
            <line>
              <![CDATA[waiting for 1000 milisec]]>
            </line>
            <line>
              <![CDATA[waiting for 1000 milisec]]>
            </line>
            <line>
              <![CDATA[verifyPagenameTEST IS SUCESSFUL]]>
            </line>
          </reporter-output>
        </test-method> <!-- verifyPagename -->
        <test-method is-config="true" signature="createObjectPages()[pri:0, instance:googletest.GO_TC1234_VERIFY_HOME_PAGE@be64738]" started-at="2023-08-20T00:24:05 IST" name="createObjectPages" finished-at="2023-08-20T00:24:05 IST" duration-ms="1" status="PASS">
          <reporter-output>
          </reporter-output>
        </test-method> <!-- createObjectPages -->
        <test-method signature="verifyGoogleTab()[pri:2, instance:googletest.GO_TC1234_VERIFY_HOME_PAGE@be64738]" started-at="2023-08-20T00:24:05 IST" name="verifyGoogleTab" finished-at="2023-08-20T00:24:07 IST" duration-ms="2058" status="PASS">
          <reporter-output>
            <line>
              <![CDATA[waiting for 1000 milisec]]>
            </line>
            <line>
              <![CDATA[waiting for 1000 milisec]]>
            </line>
            <line>
              <![CDATA[verifyGoogleTabTEST IS SUCESSFUL]]>
            </line>
          </reporter-output>
        </test-method> <!-- verifyGoogleTab -->
        <test-method is-config="true" signature="createObjectPages()[pri:0, instance:googletest.GO_TC1234_VERIFY_HOME_PAGE@be64738]" started-at="2023-08-20T00:24:07 IST" name="createObjectPages" finished-at="2023-08-20T00:24:07 IST" duration-ms="1" status="PASS">
          <reporter-output>
          </reporter-output>
        </test-method> <!-- createObjectPages -->
        <test-method signature="verifyGoogleAccept()[pri:3, instance:googletest.GO_TC1234_VERIFY_HOME_PAGE@be64738]" started-at="2023-08-20T00:24:07 IST" name="verifyGoogleAccept" finished-at="2023-08-20T00:24:10 IST" duration-ms="2049" status="PASS">
          <reporter-output>
            <line>
              <![CDATA[waiting for 1000 milisec]]>
            </line>
            <line>
              <![CDATA[verifyGoogleAcceptTEST IS SUCESSFUL]]>
            </line>
          </reporter-output>
        </test-method> <!-- verifyGoogleAccept -->
        <test-method is-config="true" signature="createObjectPages()[pri:0, instance:googletest.GO_TC1234_VERIFY_HOME_PAGE@be64738]" started-at="2023-08-20T00:24:10 IST" name="createObjectPages" finished-at="2023-08-20T00:24:10 IST" duration-ms="2" status="PASS">
          <reporter-output>
          </reporter-output>
        </test-method> <!-- createObjectPages -->
        <test-method signature="selectWord()[pri:4, instance:googletest.GO_TC1234_VERIFY_HOME_PAGE@be64738]" started-at="2023-08-20T00:24:10 IST" name="selectWord" finished-at="2023-08-20T00:24:41 IST" duration-ms="31909" status="PASS">
          <reporter-output>
            <line>
              <![CDATA[selectWordTEST IS SUCESSFUL]]>
            </line>
          </reporter-output>
        </test-method> <!-- selectWord -->
      </class> <!-- googletest.GO_TC1234_VERIFY_HOME_PAGE -->
    </test> <!-- Default test -->
  </suite> <!-- Default suite -->
</testng-results>
