<?xml version="1.0" encoding="UTF-8"?>
<testng-results ignored="0" total="5" passed="4" failed="1" skipped="0">
  <reporter-output>
  </reporter-output>
  <suite started-at="2023-08-04T09:56:36 IST" name="Default suite" finished-at="2023-08-04T09:57:26 IST" duration-ms="50558">
    <groups>
    </groups>
    <test started-at="2023-08-04T09:56:36 IST" name="Default test" finished-at="2023-08-04T09:57:26 IST" duration-ms="50558">
      <class name="googletest.HomeTest">
        <test-method is-config="true" signature="setup()[pri:0, instance:googletest.HomeTest@1c93084c]" started-at="2023-08-04T09:56:36 IST" name="setup" finished-at="2023-08-04T09:57:05 IST" duration-ms="29376" status="PASS">
          <reporter-output>
          </reporter-output>
        </test-method> <!-- setup -->
        <test-method is-config="true" signature="createObjectPages()[pri:0, instance:googletest.HomeTest@1c93084c]" started-at="2023-08-04T09:57:05 IST" name="createObjectPages" finished-at="2023-08-04T09:57:06 IST" duration-ms="295" status="PASS">
          <reporter-output>
          </reporter-output>
        </test-method> <!-- createObjectPages -->
        <test-method signature="verifyGooglePageOpen()[pri:-1, instance:googletest.HomeTest@1c93084c]" started-at="2023-08-04T09:57:06 IST" name="verifyGooglePageOpen" finished-at="2023-08-04T09:57:08 IST" duration-ms="2103" status="PASS">
          <reporter-output>
          </reporter-output>
        </test-method> <!-- verifyGooglePageOpen -->
        <test-method is-config="true" signature="createObjectPages()[pri:0, instance:googletest.HomeTest@1c93084c]" started-at="2023-08-04T09:57:08 IST" name="createObjectPages" finished-at="2023-08-04T09:57:08 IST" duration-ms="2" status="PASS">
          <reporter-output>
          </reporter-output>
        </test-method> <!-- createObjectPages -->
        <test-method signature="verifyPagename()[pri:1, instance:googletest.HomeTest@1c93084c]" started-at="2023-08-04T09:57:08 IST" name="verifyPagename" finished-at="2023-08-04T09:57:14 IST" duration-ms="6164" status="PASS">
          <reporter-output>
          </reporter-output>
        </test-method> <!-- verifyPagename -->
        <test-method is-config="true" signature="createObjectPages()[pri:0, instance:googletest.HomeTest@1c93084c]" started-at="2023-08-04T09:57:14 IST" name="createObjectPages" finished-at="2023-08-04T09:57:14 IST" duration-ms="1" status="PASS">
          <reporter-output>
          </reporter-output>
        </test-method> <!-- createObjectPages -->
        <test-method signature="verifyGoogleTab()[pri:2, instance:googletest.HomeTest@1c93084c]" started-at="2023-08-04T09:57:14 IST" name="verifyGoogleTab" finished-at="2023-08-04T09:57:16 IST" duration-ms="2192" status="PASS">
          <reporter-output>
          </reporter-output>
        </test-method> <!-- verifyGoogleTab -->
        <test-method is-config="true" signature="createObjectPages()[pri:0, instance:googletest.HomeTest@1c93084c]" started-at="2023-08-04T09:57:16 IST" name="createObjectPages" finished-at="2023-08-04T09:57:16 IST" duration-ms="1" status="PASS">
          <reporter-output>
          </reporter-output>
        </test-method> <!-- createObjectPages -->
        <test-method signature="verifyGoogleAccept()[pri:3, instance:googletest.HomeTest@1c93084c]" started-at="2023-08-04T09:57:16 IST" name="verifyGoogleAccept" finished-at="2023-08-04T09:57:18 IST" duration-ms="2251" status="PASS">
          <reporter-output>
          </reporter-output>
        </test-method> <!-- verifyGoogleAccept -->
        <test-method is-config="true" signature="createObjectPages()[pri:0, instance:googletest.HomeTest@1c93084c]" started-at="2023-08-04T09:57:18 IST" name="createObjectPages" finished-at="2023-08-04T09:57:18 IST" duration-ms="1" status="PASS">
          <reporter-output>
          </reporter-output>
        </test-method> <!-- createObjectPages -->
        <test-method signature="selectWord()[pri:4, instance:googletest.HomeTest@1c93084c]" started-at="2023-08-04T09:57:18 IST" name="selectWord" finished-at="2023-08-04T09:57:26 IST" duration-ms="7859" status="FAIL">
          <exception class="org.openqa.selenium.StaleElementReferenceException">
            <message>
              <![CDATA[stale element reference: element is not attached to the page document
  (Session info: chrome=109.0.5414.120)
For documentation on this error, please visit: https://www.seleniumhq.org/exceptions/stale_element_reference.html
Build info: version: '3.141.59', revision: 'e82be7d358', time: '2018-11-14T08:17:03'
System info: host: 'LENOVO-PC', ip: '192.168.43.62', os.name: 'Windows 7', os.arch: 'amd64', os.version: '6.1', java.version: '17'
Driver info: org.openqa.selenium.chrome.ChromeDriver
Capabilities {acceptInsecureCerts: false, browserName: chrome, browserVersion: 109.0.5414.120, chrome: {chromedriverVersion: 109.0.5414.25 (771113d280dd..., userDataDir: C:\Program Files (x86)\scop...}, goog:chromeOptions: {debuggerAddress: localhost:53712}, javascriptEnabled: true, networkConnectionEnabled: false, pageLoadStrategy: normal, platform: WINDOWS, platformName: WINDOWS, proxy: Proxy(), setWindowRect: true, strictFileInteractability: false, timeouts: {implicit: 0, pageLoad: 300000, script: 30000}, unhandledPromptBehavior: dismiss and notify, webauthn:extension:credBlob: true, webauthn:extension:largeBlob: true, webauthn:virtualAuthenticators: true}
Session ID: 837f8abf945822ef4aee9106651262cd]]>
            </message>
            <full-stacktrace>
              <![CDATA[org.openqa.selenium.StaleElementReferenceException: stale element reference: element is not attached to the page document
  (Session info: chrome=109.0.5414.120)
For documentation on this error, please visit: https://www.seleniumhq.org/exceptions/stale_element_reference.html
Build info: version: '3.141.59', revision: 'e82be7d358', time: '2018-11-14T08:17:03'
System info: host: 'LENOVO-PC', ip: '192.168.43.62', os.name: 'Windows 7', os.arch: 'amd64', os.version: '6.1', java.version: '17'
Driver info: org.openqa.selenium.chrome.ChromeDriver
Capabilities {acceptInsecureCerts: false, browserName: chrome, browserVersion: 109.0.5414.120, chrome: {chromedriverVersion: 109.0.5414.25 (771113d280dd..., userDataDir: C:\Program Files (x86)\scop...}, goog:chromeOptions: {debuggerAddress: localhost:53712}, javascriptEnabled: true, networkConnectionEnabled: false, pageLoadStrategy: normal, platform: WINDOWS, platformName: WINDOWS, proxy: Proxy(), setWindowRect: true, strictFileInteractability: false, timeouts: {implicit: 0, pageLoad: 300000, script: 30000}, unhandledPromptBehavior: dismiss and notify, webauthn:extension:credBlob: true, webauthn:extension:largeBlob: true, webauthn:virtualAuthenticators: true}
Session ID: 837f8abf945822ef4aee9106651262cd
at java.base/jdk.internal.reflect.NativeConstructorAccessorImpl.newInstance0(Native Method)
at java.base/jdk.internal.reflect.NativeConstructorAccessorImpl.newInstance(NativeConstructorAccessorImpl.java:77)
at java.base/jdk.internal.reflect.DelegatingConstructorAccessorImpl.newInstance(DelegatingConstructorAccessorImpl.java:45)
at java.base/java.lang.reflect.Constructor.newInstanceWithCaller(Constructor.java:499)
at java.base/java.lang.reflect.Constructor.newInstance(Constructor.java:480)
at org.openqa.selenium.remote.http.W3CHttpResponseCodec.createException(W3CHttpResponseCodec.java:187)
at org.openqa.selenium.remote.http.W3CHttpResponseCodec.decode(W3CHttpResponseCodec.java:122)
at org.openqa.selenium.remote.http.W3CHttpResponseCodec.decode(W3CHttpResponseCodec.java:49)
at org.openqa.selenium.remote.HttpCommandExecutor.execute(HttpCommandExecutor.java:158)
at org.openqa.selenium.remote.service.DriverCommandExecutor.execute(DriverCommandExecutor.java:83)
at org.openqa.selenium.remote.RemoteWebDriver.execute(RemoteWebDriver.java:552)
at org.openqa.selenium.remote.RemoteWebElement.execute(RemoteWebElement.java:285)
at org.openqa.selenium.remote.RemoteWebElement.getText(RemoteWebElement.java:166)
at googlepage.HomePage.clickOnKey(HomePage.java:54)
at googletest.HomeTest.selectWord(HomeTest.java:49)
at java.base/jdk.internal.reflect.NativeMethodAccessorImpl.invoke0(Native Method)
at java.base/jdk.internal.reflect.NativeMethodAccessorImpl.invoke(NativeMethodAccessorImpl.java:77)
at java.base/jdk.internal.reflect.DelegatingMethodAccessorImpl.invoke(DelegatingMethodAccessorImpl.java:43)
at java.base/java.lang.reflect.Method.invoke(Method.java:568)
at org.testng.internal.MethodInvocationHelper.invokeMethod(MethodInvocationHelper.java:134)
at org.testng.internal.TestInvoker.invokeMethod(TestInvoker.java:597)
at org.testng.internal.TestInvoker.invokeTestMethod(TestInvoker.java:173)
at org.testng.internal.MethodRunner.runInSequence(MethodRunner.java:46)
at org.testng.internal.TestInvoker$MethodInvocationAgent.invoke(TestInvoker.java:816)
at org.testng.internal.TestInvoker.invokeTestMethods(TestInvoker.java:146)
at org.testng.internal.TestMethodWorker.invokeTestMethods(TestMethodWorker.java:146)
at org.testng.internal.TestMethodWorker.run(TestMethodWorker.java:128)
at java.base/java.util.ArrayList.forEach(ArrayList.java:1511)
at org.testng.TestRunner.privateRun(TestRunner.java:766)
at org.testng.TestRunner.run(TestRunner.java:587)
at org.testng.SuiteRunner.runTest(SuiteRunner.java:384)
at org.testng.SuiteRunner.runSequentially(SuiteRunner.java:378)
at org.testng.SuiteRunner.privateRun(SuiteRunner.java:337)
at org.testng.SuiteRunner.run(SuiteRunner.java:286)
at org.testng.SuiteRunnerWorker.runSuite(SuiteRunnerWorker.java:53)
at org.testng.SuiteRunnerWorker.run(SuiteRunnerWorker.java:96)
at org.testng.TestNG.runSuitesSequentially(TestNG.java:1187)
at org.testng.TestNG.runSuitesLocally(TestNG.java:1109)
at org.testng.TestNG.runSuites(TestNG.java:1039)
at org.testng.TestNG.run(TestNG.java:1007)
at org.testng.remote.AbstractRemoteTestNG.run(AbstractRemoteTestNG.java:115)
at org.testng.remote.RemoteTestNG.initAndRun(RemoteTestNG.java:251)
at org.testng.remote.RemoteTestNG.main(RemoteTestNG.java:77)
]]>
            </full-stacktrace>
          </exception> <!-- org.openqa.selenium.StaleElementReferenceException -->
          <reporter-output>
          </reporter-output>
        </test-method> <!-- selectWord -->
      </class> <!-- googletest.HomeTest -->
    </test> <!-- Default test -->
  </suite> <!-- Default suite -->
</testng-results>
